303	watermelon [organism=Citrullus lanatus] [common=watermelon] [cultivar=Florida giant] [molecule=DNA] [location=mitochondrion] [topology=circular] Citrullus lanatus mitochondrion, complete genome	379236	549	254	4.39e-70	16474013/2
303	watermelon [organism=Citrullus lanatus] [common=watermelon] [cultivar=Florida giant] [molecule=DNA] [location=mitochondrion] [topology=circular] Citrullus lanatus mitochondrion, complete genome	379236	380	177	1.29e-48	16474013/2
303	watermelon [organism=Citrullus lanatus] [common=watermelon] [cultivar=Florida giant] [molecule=DNA] [location=mitochondrion] [topology=circular] Citrullus lanatus mitochondrion, complete genome	379236	51	26.3	1.29e-48	16474013/2
303	watermelon [organism=Citrullus lanatus] [common=watermelon] [cultivar=Florida giant] [molecule=DNA] [location=mitochondrion] [topology=circular] Citrullus lanatus mitochondrion, complete genome	379236	291	136	1.99e-46	16474013/2
303	watermelon [organism=Citrullus lanatus] [common=watermelon] [cultivar=Florida giant] [molecule=DNA] [location=mitochondrion] [topology=circular] Citrullus lanatus mitochondrion, complete genome	379236	124	59.7	1.99e-46	16474013/2
303	watermelon [organism=Citrullus lanatus] [common=watermelon] [cultivar=Florida giant] [molecule=DNA] [location=mitochondrion] [topology=circular] Citrullus lanatus mitochondrion, complete genome	379236	264	123	5.26e-34	16474013/2
303	watermelon [organism=Citrullus lanatus] [common=watermelon] [cultivar=Florida giant] [molecule=DNA] [location=mitochondrion] [topology=circular] Citrullus lanatus mitochondrion, complete genome	379236	60	30.4	5.26e-34	16474013/2
303	watermelon [organism=Citrullus lanatus] [common=watermelon] [cultivar=Florida giant] [molecule=DNA] [location=mitochondrion] [topology=circular] Citrullus lanatus mitochondrion, complete genome	379236	225	105	4.18e-29	16474013/2
303	watermelon [organism=Citrullus lanatus] [common=watermelon] [cultivar=Florida giant] [molecule=DNA] [location=mitochondrion] [topology=circular] Citrullus lanatus mitochondrion, complete genome	379236	63	31.8	4.18e-29	16474013/2
303	watermelon [organism=Citrullus lanatus] [common=watermelon] [cultivar=Florida giant] [molecule=DNA] [location=mitochondrion] [topology=circular] Citrullus lanatus mitochondrion, complete genome	379236	173	82.2	3.21e-18	16474013/2
303	watermelon [organism=Citrullus lanatus] [common=watermelon] [cultivar=Florida giant] [molecule=DNA] [location=mitochondrion] [topology=circular] Citrullus lanatus mitochondrion, complete genome	379236	53	27.2	0.11	16474013/2
303	watermelon [organism=Citrullus lanatus] [common=watermelon] [cultivar=Florida giant] [molecule=DNA] [location=mitochondrion] [topology=circular] Citrullus lanatus mitochondrion, complete genome	379236	48	24.9	0.56	16474013/2
303	watermelon [organism=Citrullus lanatus] [common=watermelon] [cultivar=Florida giant] [molecule=DNA] [location=mitochondrion] [topology=circular] Citrullus lanatus mitochondrion, complete genome	379236	43	22.6	2.7	16474013/2
303	watermelon [organism=Citrullus lanatus] [common=watermelon] [cultivar=Florida giant] [molecule=DNA] [location=mitochondrion] [topology=circular] Citrullus lanatus mitochondrion, complete genome	379236	42	22.1	3.8	16474013/2
303	watermelon [organism=Citrullus lanatus] [common=watermelon] [cultivar=Florida giant] [molecule=DNA] [location=mitochondrion] [topology=circular] Citrullus lanatus mitochondrion, complete genome	379236	41	21.7	5.2	16474013/2
303	watermelon [organism=Citrullus lanatus] [common=watermelon] [cultivar=Florida giant] [molecule=DNA] [location=mitochondrion] [topology=circular] Citrullus lanatus mitochondrion, complete genome	379236	41	21.7	5.2	16474013/2
303	watermelon [organism=Citrullus lanatus] [common=watermelon] [cultivar=Florida giant] [molecule=DNA] [location=mitochondrion] [topology=circular] Citrullus lanatus mitochondrion, complete genome	379236	40	21.2	7.1	16474013/2
303	watermelon [organism=Citrullus lanatus] [common=watermelon] [cultivar=Florida giant] [molecule=DNA] [location=mitochondrion] [topology=circular] Citrullus lanatus mitochondrion, complete genome	379236	40	21.2	7.1	16474013/2
303	watermelon [organism=Citrullus lanatus] [common=watermelon] [cultivar=Florida giant] [molecule=DNA] [location=mitochondrion] [topology=circular] Citrullus lanatus mitochondrion, complete genome	379236	39	20.8	9.8	16474013/2
303	watermelon [organism=Citrullus lanatus] [common=watermelon] [cultivar=Florida giant] [molecule=DNA] [location=mitochondrion] [topology=circular] Citrullus lanatus mitochondrion, complete genome	379236	39	20.8	9.8	16474013/2
303	watermelon [organism=Citrullus lanatus] [common=watermelon] [cultivar=Florida giant] [molecule=DNA] [location=mitochondrion] [topology=circular] Citrullus lanatus mitochondrion, complete genome	379236	39	20.8	9.8	16474013/2
303	watermelon [organism=Citrullus lanatus] [common=watermelon] [cultivar=Florida giant] [molecule=DNA] [location=mitochondrion] [topology=circular] Citrullus lanatus mitochondrion, complete genome	379236	39	20.8	9.8	16474013/2
303	watermelon [organism=Citrullus lanatus] [common=watermelon] [cultivar=Florida giant] [molecule=DNA] [location=mitochondrion] [topology=circular] Citrullus lanatus mitochondrion, complete genome	379236	39	20.8	9.8	16474013/2
303	watermelon [organism=Citrullus lanatus] [common=watermelon] [cultivar=Florida giant] [molecule=DNA] [location=mitochondrion] [topology=circular] Citrullus lanatus mitochondrion, complete genome	379236	39	20.8	9.8	16474013/2
303	watermelon [organism=Citrullus lanatus] [common=watermelon] [cultivar=Florida giant] [molecule=DNA] [location=mitochondrion] [topology=circular] Citrullus lanatus mitochondrion, complete genome	379236	39	20.8	9.8	16474013/2
303	watermelon [organism=Citrullus lanatus] [common=watermelon] [cultivar=Florida giant] [molecule=DNA] [location=mitochondrion] [topology=circular] Citrullus lanatus mitochondrion, complete genome	379236	39	20.8	9.8	16474013/2
303	watermelon [organism=Citrullus lanatus] [common=watermelon] [cultivar=Florida giant] [molecule=DNA] [location=mitochondrion] [topology=circular] Citrullus lanatus mitochondrion, complete genome	379236	39	20.8	9.8	16474013/2
303	watermelon [organism=Citrullus lanatus] [common=watermelon] [cultivar=Florida giant] [molecule=DNA] [location=mitochondrion] [topology=circular] Citrullus lanatus mitochondrion, complete genome	379236	39	20.8	9.8	16474013/2
PBS Job Statistics:
PBS Job ID: 4778988.sched
Resource List: neednodes=1:ppn=12,nodes=1:ppn=12,walltime=00:10:00
Resources Used: cput=00:00:00,mem=0kb,vmem=0kb,walltime=00:00:00
Queue Name: tiny12core
Program Return Code: 0
Head Node:
compute1144
PBS Job Statistics:
PBS Job ID: 4778988.sched
Resource List: neednodes=1:ppn=12,nodes=1:ppn=12,walltime=00:10:00
Resources Used: cput=00:00:00,mem=0kb,vmem=0kb,walltime=00:00:00
Queue Name: tiny12core
Program Return Code: 0
Head Node: compute1144
