

Building a new DB, current time: 02/28/2020 17:12:03
New DB name:   /scrfs/storage/katemcd/watermelon_files/assn_04/watermelon_genes
New DB title:  watermelon_genes
Sequence type: Nucleotide
Deleted existing Nucleotide BLAST database named /scrfs/storage/katemcd/watermelon_files/assn_04/watermelon_genes
Keep MBits: T
Maximum file size: 1000000000B
FASTA-Reader: Ignoring invalid residues at position(s): On line 2: 2-3, 5, 9-10, 13-15, 18, 21, 25-26, 29-30, 40, 46, 48-50, 53, 56-57, 64, 66, 68-69, 71, 75, 78, 84, 86, 89, 96, 100, 106, 113, 116-117, 123, 127, 132, 136, 138-140, 146-147, 149, 152, 158, 160-161, 165, 167-170, 174, 180, 182, 185-186, 188, 190, 198, 200, 202, 209, 211, 218-219, 221-223, 225, 229-230, 233-234, 242, 244-248, 250, 258, 260, 268-270, 274, 277, 283, 286-288, 291-292, 295, 297-298, 302, 304, 308-310, 318, 324, 327-328, 330-331, 333, 341-342, 346-348, 352-353, 355-356, 358-360, 364, 366, 368, 372, 382-383, 388, 395-397, 399, 402, 406, 408-409, 413, 418, 420-421, 427, 429, 431, 433-435, 438-442, 444-446, 448, 455, 460-461, 464, 466, 468, 471-472, 475, 477-481, 483-485, 489, 492, 496-497, 500-501, 503, 506-507, 509
FASTA-Reader: Ignoring invalid residues at position(s): On line 4: 14-15, 18-19, 21, 24, 29, 31, 34-35, 37, 42-43, 45-48, 53, 57, 61, 65-66, 68-71, 73-76, 78, 80, 83-85, 88-90, 92-93, 95, 97, 99, 105, 107-108, 114, 117, 121, 123-124, 128, 135-136, 144, 146-147, 150, 154, 156, 160, 162, 164, 168, 172, 174-176, 178, 180, 183, 192, 196
FASTA-Reader: Ignoring invalid residues at position(s): On line 6: 2, 4, 7-11, 13-18, 21, 24, 26, 28, 31, 33-34, 36-37, 39, 41, 43-45, 48, 59, 63, 65, 67-69, 72, 74, 76, 79-81, 84, 90, 92-94, 96, 100, 102, 104-105, 108-109, 112-113, 116, 122-124, 126, 128, 130, 132-134, 136, 138, 141-142, 146, 148-149, 151, 153-154, 158-161, 163-165, 167-172, 175, 178, 182, 184-185, 197-198, 206, 211-212, 214-215, 218, 220-223, 225, 227, 230-232, 236, 238, 244, 246, 248, 250, 256
FASTA-Reader: Ignoring invalid residues at position(s): On line 8: 2-4, 7, 10, 12-14, 18-21, 23, 25-27, 35, 37, 40-41, 43, 46-47, 55, 60, 63-64, 66-67, 71, 82-84, 87, 94-95, 101, 103-104, 107, 109-110, 116-117, 120-121, 123-124, 135, 139, 145, 147-148, 151, 154, 157, 159
FASTA-Reader: Ignoring invalid residues at position(s): On line 10: 2-3, 15, 24, 28, 31-32, 39, 41, 44, 46, 50-51, 53, 55, 57, 59, 61-62, 64, 68-70, 72, 74
FASTA-Reader: Ignoring invalid residues at position(s): On line 12: 4-6, 8, 13-15, 18-19, 22, 24-26, 29, 33-34, 36, 38-39, 42, 48, 50-51, 53-61, 63-65, 68, 70, 74-76, 79, 84-85, 87-92, 98-100, 104, 107-108, 110, 112-113, 115-116, 124, 126-128, 131, 133, 135-136, 139, 145, 147, 157, 159, 163, 166-168, 175-176, 178, 180, 183, 186, 191-192, 195-198, 202, 204-205
FASTA-Reader: Ignoring invalid residues at position(s): On line 14: 3, 5-8, 10-11, 20-23, 27-29, 34, 36, 38, 42-43, 45-47, 53-54, 59, 65-66, 69, 73, 76-80, 84-87, 95, 99-100, 102-103, 105, 110, 114, 119, 126, 130-131, 133-135, 137, 140, 142-143, 145-146, 148-149, 152, 154, 158-159, 161-164, 166, 176-177, 180, 187, 190, 192-196, 199, 202-204, 208-210, 212-213, 216-219, 221-223, 225-226, 228-231
FASTA-Reader: Ignoring invalid residues at position(s): On line 16: 3-4, 7-11, 17, 23, 25-26, 29, 35, 39, 45-50, 52-56, 59, 64-65, 76, 82-86, 88-89, 95, 103, 105, 107, 109, 111-115, 120, 123-124, 126, 130, 132-135, 138-139, 141-142, 150, 158, 160, 162, 166-167, 169, 179, 181-182, 186, 188, 190, 193-194, 197, 208-211, 213-214, 216, 218-219, 223-224, 233, 236, 241, 248-249, 251, 254-255, 261-263, 265, 267-269, 272-273, 278, 282, 285, 288, 291, 296, 300, 302, 305, 307, 312-315, 320, 324-327, 329-330, 334, 338-339, 341-342, 344, 350, 354, 356, 359-361, 365, 367, 373, 376, 380-381, 384, 388, 402, 405-411, 413, 415-417, 420, 426-427, 429-431, 435
FASTA-Reader: Ignoring invalid residues at position(s): On line 18: 3, 5-7, 11-13, 15-16, 19, 25-27, 29, 33, 35, 38-40, 42-43, 45, 47, 50-51, 54, 60, 65-67, 69-70, 78, 81-82, 87-88, 90, 93-95, 101-102, 114, 116-117, 120-121, 124, 128-129, 132-134, 136-137, 143-145, 148-149, 151, 154, 158-159, 167, 170, 172-173, 176-177, 179-180, 185, 187-188, 198, 204-206, 208, 214, 219, 221-222, 224, 228, 230, 232-234, 236-238, 244-245, 249-250, 254-256, 258, 261, 263-264, 266-267, 270, 272-273, 275, 286, 288, 297, 300, 303-304, 311, 316-317, 327, 330-332, 334, 336, 345, 347-349, 355-356, 358-359, 363-364, 366, 369, 374, 380-381, 392, 397-398, 411, 413-416, 418, 420-422, 426-427, 431-433, 441-442, 449, 452, 454, 458, 460, 463, 468, 472-476, 482-483, 485, 488-489, 496, 498, 502-503, 505, 509, 517-519, 522-525, 529, 532-534, 536, 539-540, 550, 558, 561, 568-569, 571, 574
FASTA-Reader: Ignoring invalid residues at position(s): On line 20: 6, 8, 10-11, 13-15, 19, 21, 23-24, 27, 29, 32, 38, 40-41, 44, 46, 48-50, 55-56, 62, 66, 68, 72, 74, 79, 83-84, 95-97, 101, 103-104, 107, 115, 117-118, 122, 126-129, 131, 135, 140-141, 144, 147, 153, 156, 160-161, 167, 171, 175, 182, 185-186, 188, 191-196, 201-202, 204, 207, 209, 215-216, 221, 225, 227, 229, 231, 236, 242, 244-246, 248, 250-251, 254, 257, 260, 264-265, 268, 270, 272-273, 275, 277-278, 281-284, 287-288, 291-292, 301, 303, 305-306, 308-309, 311-314, 324, 326-327, 329, 331-332, 334-336, 340-342, 345, 348-349, 351, 353-354, 357, 359-360, 362-363, 365-369, 371, 373-375, 382-383, 389-390
FASTA-Reader: Ignoring invalid residues at position(s): On line 22: 4, 8-9, 16, 19, 21-23, 26, 34, 37-38, 41-42, 45, 48-50, 55-56, 60-61, 66-67, 69-71, 75, 78, 87-90, 93, 97-98, 100, 103, 105, 107-110, 112-116, 120, 122, 133-135, 138, 150, 153, 155, 158, 161-162, 165, 167-168, 171, 177, 185-187, 192, 196-200, 202-203, 205, 209, 212-213, 218, 222, 225, 231-233, 235, 237-238, 240-241, 244-245, 248-252, 256-257, 260, 264, 268, 270, 273, 280, 282, 285, 287-288, 295, 299, 307, 313-314, 317, 320, 322-323, 326, 334-335, 339, 341-342, 347-350, 352, 355, 358, 360, 365, 367, 369, 379, 383, 389, 391-392, 395, 402-403, 408-409, 411, 413-414, 416, 418, 420-421, 425, 427-429, 432-433, 435, 439, 442-443, 446, 455, 458, 462, 467, 470-471, 476, 488, 490, 494-495, 500-501, 505, 507-508, 510, 513, 515-517, 519, 521
FASTA-Reader: Ignoring invalid residues at position(s): On line 24: 2, 4, 7-9, 11, 13, 18-19, 21-22, 25, 30, 33, 35-36, 38, 42-50, 52, 56-57, 61, 64, 67, 71-73, 75, 81-84, 87-89, 91-93, 95-96, 98-99, 101, 103-104, 109, 114, 118, 121, 124, 130, 139-140, 142, 144, 149-151, 154-156, 158, 161-163, 170-171, 176, 178-179, 182, 186, 192, 202, 205, 207-208, 210-211, 213, 215, 221, 224-225, 232, 234-235, 238, 241, 252-256, 259
FASTA-Reader: Ignoring invalid residues at position(s): On line 26: 2-3, 11, 14, 16, 18-19, 23, 26, 39-40, 45-46, 48, 50-54, 58, 65, 67, 70-71, 79-80, 82, 86-90, 93, 96-98, 100-101, 109, 111, 114-115, 118, 120-121, 124, 127, 129, 131-135, 138-141, 154-155, 159, 166, 172, 174, 176, 179-180, 183, 186, 188-189, 191, 195, 200-202, 206, 209, 212-213, 216-220, 223, 225, 227, 230, 233, 238-239, 247, 253-256, 259, 265
FASTA-Reader: Ignoring invalid residues at position(s): On line 28: 8, 10-11, 16-18, 20, 23, 25, 29-30, 32, 35-38, 43, 53, 56, 58-59, 66-69, 71, 75, 78, 83-84, 86-87, 89-91, 94, 96-97, 100-101, 104, 109, 113, 116, 121, 125-126, 129-130, 133, 135, 138, 140-142, 145, 147, 150-153, 155, 157, 161-162, 167, 170-171, 175-176, 179, 182-183, 188-189, 196-197, 202, 205, 212, 219, 223, 226-227, 229-231, 235, 238-239, 242, 245-246, 250-253, 257, 259-260, 262-263, 267, 273, 278-279, 287-291, 294, 296-297, 299, 302, 305, 309, 311-312, 317-318, 320, 329-331, 333, 338-344, 347, 350-352, 355, 357, 361, 367, 374-376, 380, 382, 384-385, 389-393, 395-397, 400, 406, 408, 413, 417, 421, 424, 428-430, 432-433, 439, 443-444, 448-449, 451, 453, 461-462, 466, 473, 475, 480, 482-483, 492, 496-497, 509, 511, 514, 522, 531, 534-537, 539-540, 542-543, 546-547, 550, 555-556, 561, 563-564, 569, 577, 584, 586, 588-589, 598, 600, 604, 608-609, 614-615, 617, 628-630, 636, 638, 641-642, 645, 647, 649-651, 654-656, 659, 661, 663, 665
FASTA-Reader: Ignoring invalid residues at position(s): On line 30: 4-5, 8, 10, 12-13, 18, 21-22, 24, 26-27, 29-30, 32, 35, 37, 40-42, 44, 46, 49, 54-59, 61-62, 65-67, 69-71, 75, 79, 82, 84-85, 93, 98, 100-103, 106-107, 110-113, 118-119, 126-127, 129, 134, 136-140, 142-143, 147, 152-153, 155, 164, 166, 168-170, 172, 176, 178, 182, 184-186, 191, 193, 195, 197, 199-202, 205, 208, 210, 216-217, 220-223, 227, 230-231, 233, 236-237, 241-243, 245-249, 251-252, 256, 258, 261-262, 270, 274, 278-279, 282
FASTA-Reader: Ignoring invalid residues at position(s): On line 32: 3, 6, 8-10, 12-18, 22-23, 25, 27, 33, 35, 40, 46, 48-52, 56, 58-60, 62-64, 66, 71, 73-74, 78, 82, 84, 86, 93-94, 100, 103, 105, 107-108, 110-111, 113, 116, 121-123, 134-135, 138, 143, 146, 148, 151, 153-156, 159-160, 164, 169-170, 174, 176-177, 181-185, 187, 190-192, 195, 197, 202-203, 205-207, 209, 211, 219, 227-230, 232, 237-238, 242, 246, 248, 252-255, 257-260, 263-264, 267, 269, 271, 274-279, 281, 287-288, 294-295, 298, 303-306, 308, 321-322, 324-325
FASTA-Reader: Ignoring invalid residues at position(s): On line 34: 2, 4-6, 10-15, 19-23, 28, 37-39, 46, 48-49, 52-53, 55-58, 63-65, 67, 70-71, 75-76, 81, 84, 86-91, 97, 101, 104-107, 109, 112-115, 117-121, 126-127, 129, 135, 139, 141-144, 146, 148, 159-160, 163, 169-171, 174, 178-181, 186, 195, 197-198, 201-202, 206-207, 215-216, 219-220, 222, 226-228, 230, 234-235, 240, 242, 244, 247, 249, 253-254, 256, 258, 260, 262-263, 266, 271, 279-285, 288, 292-293, 296, 301, 307-308, 313, 319, 323, 328-329, 331-332, 334-336, 338-340, 343, 346, 349, 351, 353, 355, 357, 363, 366, 369, 374-375, 378, 380, 382, 385, 390-393, 396, 400, 402-404, 407, 413-414, 416, 424, 427, 430, 432, 437-438, 441, 445-446, 448-449, 456-458, 464-465, 469-470, 472, 474-476, 480, 484, 488
FASTA-Reader: Ignoring invalid residues at position(s): On line 36: 3-4, 6-7, 9, 11, 13, 15-16, 19-22, 25-28, 36-37, 39, 43, 46, 48, 56, 58, 60, 62, 65-70, 72-73, 76, 78-79, 83-84, 87, 89-90, 98-102, 104, 106-107, 109, 118
FASTA-Reader: Ignoring invalid residues at position(s): On line 38: 2-3, 5, 7, 12, 15-17, 19, 21, 24, 26-30, 34, 36-37, 39-40, 42, 46-47, 49-50, 52-53, 55, 57-59, 61, 67-68, 70, 72, 75-76, 78, 80, 82, 84, 86, 89, 91-93, 95-96, 99-103, 105-106, 118, 120, 124-125, 127-129, 131, 134, 137, 139-142, 145-147, 150-152, 154-157, 164, 167, 172-175, 178-179, 183, 185-186, 188-194, 200-202, 204, 207-208, 210, 213-216, 218, 221, 224, 229, 232, 235, 237-239, 243, 245, 251-252, 255-257, 259, 264-265, 267, 269-270, 272-274, 277, 281-283, 286, 289, 291-292, 296, 301-302, 304, 307-308, 318, 321, 324, 326, 328-329, 331, 335-337, 339, 343, 345, 348-350, 355, 363, 375, 377, 380, 382, 384, 386, 391-392, 397-398, 400-403, 408-409, 413, 417, 420, 423-424, 430, 432, 441, 443, 445-446, 449, 452, 456, 459-464, 474, 477-478, 488, 490, 494
FASTA-Reader: Ignoring invalid residues at position(s): On line 40: 3-4, 7, 9, 12-13, 15-16, 18, 21-23, 28-30, 34-36, 39-40, 46-47, 49, 59, 61, 64, 66, 72, 75, 77, 79-80, 82, 84, 90, 93-95, 98-99
FASTA-Reader: Ignoring invalid residues at position(s): On line 42: 3-5, 7-11, 18-19, 22-23, 26, 30-31, 38, 41-42, 44-45, 47, 49, 52, 59, 61, 63, 65, 68, 70, 76-78, 81, 86-87, 92, 95, 98, 101, 106, 108, 111, 113, 117, 119-120, 122-123, 125, 127, 134-138, 141, 145, 149-151, 153, 155, 158-159, 165, 169, 176, 178, 180, 182, 186, 188-190, 194, 197-198, 204, 209, 215, 218, 220-221, 223-227, 235-236, 243, 247, 249, 251, 256, 267, 269, 274-277, 279-280, 283-284, 286, 295-296, 302-304, 307, 311, 318-319, 323-324, 328, 336, 338, 343-344, 347-350, 356, 362-363, 371, 375-377, 383, 387, 389-390, 392-395, 398, 404-407, 414, 418, 420, 422, 428-429, 435, 438-440, 442-443, 445, 449, 453-454, 460-462, 465-466, 468-470, 472, 475-476, 480, 486, 488, 492, 497-498, 500-501, 504-506, 508, 510-511, 514, 516, 519-524, 537, 541-543, 546-547, 551, 555, 558-559, 564-565, 567, 569, 572-573, 577-578, 580, 583, 586-587, 589, 594-597, 599, 602, 606, 609, 611, 613, 615-617, 620, 626, 629-630, 632, 634-635, 638, 645, 655-658, 662
FASTA-Reader: Ignoring invalid residues at position(s): On line 44: 2-3, 6, 9, 11, 15, 23, 28-32, 34, 40-44, 46, 48-49, 52-54, 58, 61, 65-67, 72, 74-76, 78-79, 81-82, 84, 87-88, 92-93, 95-97, 100, 102-105, 108, 110-114, 116, 122, 137-138, 140, 143-144, 152-153, 157-160, 164, 167, 169, 180, 183, 188, 190, 194, 201-202, 204
FASTA-Reader: Ignoring invalid residues at position(s): On line 46: 7-8, 11, 17-18, 20, 30-31, 35, 38, 41-42, 44, 46-47, 52, 54-56, 61-62, 64-65, 78-79, 87, 89-90, 93, 95-96, 99, 101, 104-105, 107-108, 111, 116, 118, 130-132, 135-137, 139, 141-144, 146, 157-158, 160, 165, 167-169, 171, 175, 178, 180-182, 186, 188-191, 198, 201, 203, 206, 212-213, 219, 224, 227, 233, 238, 244-245, 247, 250, 263, 265-267, 270, 274-275, 277, 279, 281, 283, 287, 294, 296-297, 304, 307, 310, 313-315, 318, 320, 323, 332, 334, 337-338, 341-342, 350, 355, 358, 364, 366, 375, 381-382, 385, 387, 391
FASTA-Reader: Ignoring invalid residues at position(s): On line 48: 4, 6-7, 14-15, 23, 26, 38-42, 44-45, 47, 54, 57, 59, 65, 71-72, 77-78, 86, 89, 94, 98, 100, 104-106, 112, 114, 119, 124, 127, 129, 132, 138-139, 142-143, 147-149, 154, 160-161, 167-170, 173-175, 178, 180, 183, 185-186
FASTA-Reader: Ignoring invalid residues at position(s): On line 50: 2, 4, 23, 27-28, 30, 36, 43, 48-49, 55-56, 58-59, 65, 70, 73-75, 79, 81, 91, 95, 102-106, 112, 117, 121, 126, 132, 134
FASTA-Reader: Ignoring invalid residues at position(s): On line 52: 3, 5-6, 10, 12-13, 15, 29, 32, 41-42, 45, 47, 56, 58, 60-61, 64, 70, 72, 76-77, 81, 87-90, 92-93, 96-99, 104, 107-108, 110, 113-114, 119, 125, 127, 138-139, 143-144, 149-150, 166-167, 170, 173, 178, 182, 184, 188, 190-191, 200, 202-203, 205, 211, 217, 219, 221, 230-231, 236, 242, 247, 250-251, 253, 255, 260, 263, 266-267, 270, 273-274, 277-278, 280, 282, 293, 297-298, 302-304, 317, 322-323, 325, 327
FASTA-Reader: Ignoring invalid residues at position(s): On line 54: 2, 4, 6, 9, 14, 16-18, 20, 27, 29, 33-34, 38, 41, 44-46, 51, 54-56, 59, 61-63, 65, 73, 77-80, 91, 94, 97, 105, 109, 115-116, 119, 121-122, 124, 127-129, 132, 134-135, 137-138, 140-143, 146-150, 152-153, 155, 159, 166, 168, 170-172, 176-178, 181, 183, 185
FASTA-Reader: Ignoring invalid residues at position(s): On line 56: 2-3, 8, 11, 13, 16, 18-19, 23-24, 30-31, 37, 39, 43, 45-46, 49-52, 54-56, 58, 62, 64-65, 67, 73, 76, 86-92, 95, 97, 103-104, 107, 109, 117-120, 130, 133-134, 136-139, 141-143, 147, 152, 154-155, 158, 160, 162, 164, 169, 174
FASTA-Reader: Ignoring invalid residues at position(s): On line 58: 5, 7, 9, 12, 15-18, 21, 24-26, 31, 33-35, 43, 46, 48, 54-57, 59-60, 63-65, 67, 70, 73-74, 78-79, 81, 84, 86-87, 90, 92-95, 106-107, 109-110
FASTA-Reader: Ignoring invalid residues at position(s): On line 60: 2, 4, 6-8, 13-14, 26, 28-29, 31, 35, 42, 45, 49, 52, 57, 63-64, 67-68, 70, 74-76, 81-82, 91, 98, 104-105, 107-108, 120, 122
FASTA-Reader: Ignoring invalid residues at position(s): On line 62: 4, 14, 17, 22, 25, 27, 31-32, 37, 39, 43, 45, 47-48, 52-53, 55-58, 60, 62, 65, 69-70, 74, 78-79, 81-82, 84, 90, 93, 96-98, 101, 114
FASTA-Reader: Ignoring invalid residues at position(s): On line 64: 2, 6, 11, 15-17, 25-27, 31, 38-42, 49, 60, 62, 65, 69, 71-72, 80, 85, 87
FASTA-Reader: Ignoring invalid residues at position(s): On line 66: 2, 6, 11, 15-17, 25-27, 31, 38-42, 49, 60, 62, 69, 71-72, 80, 85, 87
FASTA-Reader: Ignoring invalid residues at position(s): On line 68: 7-8, 12, 14, 23, 32, 34, 38, 42, 45, 47-48, 51, 53, 55, 57, 61-63, 65-66, 70-71, 73-76, 79, 82, 86, 90, 93, 100, 105-106, 109, 116-118, 121, 126, 128, 132, 134, 136, 140, 142, 144-145, 147, 149, 153, 162, 164, 168, 171-172, 178, 181, 190, 192-195, 200, 205-206, 208-211, 219, 223-224, 228-229, 233, 235, 241, 243-244, 252, 254, 258, 261, 264, 268-269, 278, 282, 286, 290, 292-293, 295, 300, 304, 306, 311, 314-315, 317, 321, 323, 331, 333-337, 341-344, 354-357, 361-364, 366-367, 369, 374, 381-385, 387-388, 390, 393, 395-397, 400-401, 404-408, 413-414, 421, 423, 430-431, 440-442, 446, 451, 455-456, 458, 460, 462-464, 471, 474-475, 478, 482-484, 491, 493, 495, 502, 505-506, 510, 522, 524, 526, 530, 532, 539, 546, 554, 557, 559, 562-563
FASTA-Reader: Ignoring invalid residues at position(s): On line 70: 8-9, 11, 13-14, 18-20, 27-28, 30-32, 35-36, 39, 46, 50, 52, 54, 56, 60-61, 63, 68-70, 75-77, 79, 85, 90-94, 96-97, 103-104, 107, 109, 111, 113-115, 118-120, 134, 137, 144-145, 147-149, 154, 157-159, 163, 165-167, 170, 172-173, 176-177, 180, 190, 192, 194-195, 203-205, 209-213, 218-220, 222-223, 228, 231, 235, 239, 241, 249, 252, 255-257, 263, 268-269, 275-276, 282, 293, 295-296, 302, 305-308, 313, 319, 327, 329, 332-333, 336, 338, 341, 343-345, 353, 355
FASTA-Reader: Ignoring invalid residues at position(s): On line 72: 4, 7-8, 10-12, 15, 18, 22, 31, 34, 36, 39, 41, 43, 47, 49, 55, 57, 59-60, 62, 64, 72, 76, 78, 84-85, 87, 89, 92-94, 97, 101, 105, 107-108, 112, 114-116, 124, 130, 132, 135, 142, 145
FASTA-Reader: Ignoring invalid residues at position(s): On line 74: 3-4, 6-7, 9, 11-13, 16-18, 22-24, 28, 32-33, 36, 38-40, 42-43, 45, 49-50, 52, 57, 60-62, 67-70, 73-74, 77, 79, 83, 90-91, 94
FASTA-Reader: Ignoring invalid residues at position(s): On line 76: 3-4, 6-7, 9, 11-13, 16-18, 22-24, 28, 32-33, 36, 38-40, 42-43, 45, 49-50, 52, 57, 60-62, 67-70, 73-74, 77, 79, 83, 90-91, 94
FASTA-Reader: Ignoring invalid residues at position(s): On line 78: 3, 5, 12-14, 16, 18-19, 26, 31, 34, 43-45, 47, 51-58, 66-68, 70, 72-73, 76, 78, 80-83, 90-91, 97-98, 101, 103-107, 109, 113-114, 116-117, 119-120, 126, 132, 134-135
FASTA-Reader: Ignoring invalid residues at position(s): On line 117: 1489, 1491, 1495-1496, 1499, 1503-1504
FASTA-Reader: Ignoring invalid residues at position(s): On line 124: 1186, 1188, 1192-1193, 1196, 1200
FASTA-Reader: Ignoring invalid residues at position(s): On line 125: 574, 576, 580-581, 584, 586-589
Adding sequences from FASTA; added 98 sequences in 0.020227 seconds.
303	watermelon [organism=Citrullus lanatus] [common=watermelon] [cultivar=Florida giant] [molecule=DNA] [location=mitochondrion] [topology=circular] Citrullus lanatus mitochondrion, complete genome	379236	303	560	3.83e-161	16476941/2
303	watermelon [organism=Citrullus lanatus] [common=watermelon] [cultivar=Florida giant] [molecule=DNA] [location=mitochondrion] [topology=circular] Citrullus lanatus mitochondrion, complete genome	379236	303	560	3.83e-161	16476941/2
303	Citrullus_nad4	1800	303	560	3.83e-161	16476941/2
PBS Job Statistics:
PBS Job ID: 4778985.sched
Resource List: neednodes=1:ppn=12,nodes=1:ppn=12,walltime=00:10:00
Resources Used: cput=00:00:00,mem=0kb,vmem=0kb,walltime=00:00:01
Queue Name: tiny12core
Program Return Code: 0
Head Node:
compute1144
PBS Job Statistics:
PBS Job ID: 4778985.sched
Resource List: neednodes=1:ppn=12,nodes=1:ppn=12,walltime=00:10:00
Resources Used: cput=00:00:00,mem=0kb,vmem=0kb,walltime=00:00:01
Queue Name: tiny12core
Program Return Code: 0
Head Node: compute1144
